#
# A fatal error has been detected by the Java Runtime Environment:
#
#  EXCEPTION_ACCESS_VIOLATION (0xc0000005) at pc=0x00000000744dc343, pid=1748, tid=0x0000000000000910
#
# JRE version: OpenJDK Runtime Environment (8.0_152-b02) (build 1.8.0_152-release-1024-b02)
# Java VM: OpenJDK 64-Bit Server VM (25.152-b02 mixed mode windows-amd64 compressed oops)
# Problematic frame:
# C  [MSVCR100.dll+0x3c343]
#
# Failed to write core dump. Minidumps are not enabled by default on client versions of Windows
#
# If you would like to submit a bug report, please visit:
#   http://bugreport.java.com/bugreport/crash.jsp
#

---------------  T H R E A D  ---------------

Current thread (0x0000000001ea0000):  ConcurrentGCThread [stack: 0x00000000155c0000,0x00000000156c0000] [id=2320]

siginfo: ExceptionCode=0xc0000005, writing address 0x0000000001ccb000

Registers:
RAX=0x0000000001c748a0, RBX=0x0000000000000001, RCX=0x0000000001ccb020, RDX=0x0000000000000000
RSP=0x00000000156bf818, RBP=0x0000000001e9f6b0, RSI=0x0000000000397e40, RDI=0x000000000000e5f9
R8 =0x0000000000000028, R9 =0x00000000000005ff, R10=0x00000007ffffffff, R11=0x0000000000000000
R12=0x0000000001e9f5f0, R13=0x000000000022cd00, R14=0x0000000001ea06f0, R15=0x0000000001ea0ac8
RIP=0x00000000744dc343, EFLAGS=0x0000000000010202

Top of Stack: (sp=0x00000000156bf818)
0x00000000156bf818:   00000000747cc34b 00000000beef4e60
0x00000000156bf828:   00000000000003d8 000000000022cd00
0x00000000156bf838:   0000000001e9f5f0 00000000bef01a68
0x00000000156bf848:   00000000748fd539 00000000156bf9a0
0x00000000156bf858:   00000000bef01a68 00000000156bf9a0
0x00000000156bf868:   00000000beef4e60 00000000beefc600
0x00000000156bf878:   000000000dce5740 0000000074b876d8
0x00000000156bf888:   00000000c1ccac00 0000000001f3f9e0
0x00000000156bf898:   0000000074b53578 00000000baa06700
0x00000000156bf8a8:   00000000156bf880 0000000001e9f220
0x00000000156bf8b8:   00000000ba660000 0000000008b34000
0x00000000156bf8c8:   0000000001e9f568 0000000001e9f6e8
0x00000000156bf8d8:   00000000beefc460 00000000156bf9a0
0x00000000156bf8e8:   000000007460a55f 000000000002450d
0x00000000156bf8f8:   00000000748ff3ce 000000000091434d
0x00000000156bf908:   00000000748efa56 0000000000000000 

Instructions: (pc=0x00000000744dc343)
0x00000000744dc323:   90 66 66 90 49 81 f9 00 1c 00 00 73 30 48 89 11
0x00000000744dc333:   48 89 51 08 48 89 51 10 48 83 c1 40 48 89 51 d8
0x00000000744dc343:   48 89 51 e0 49 ff c9 48 89 51 e8 48 89 51 f0 48
0x00000000744dc353:   89 51 f8 75 d8 eb 94 66 0f 1f 44 00 00 48 0f c3 


Register to memory mapping:

RAX=0x0000000001c748a0 is an unknown value
RBX=0x0000000000000001 is an unknown value
RCX=0x0000000001ccb020 is an unknown value
RDX=0x0000000000000000 is an unknown value
RSP=0x00000000156bf818 is an unknown value
RBP=0x0000000001e9f6b0 is an unknown value
RSI=0x0000000000397e40 is an unknown value
RDI=0x000000000000e5f9 is an unknown value
R8 =0x0000000000000028 is an unknown value
R9 =0x00000000000005ff is an unknown value
R10=0x00000007ffffffff is an unknown value
R11=0x0000000000000000 is an unknown value
R12=0x0000000001e9f5f0 is an unknown value
R13=0x000000000022cd00 is an unknown value
R14=0x0000000001ea06f0 is an unknown value
R15=0x0000000001ea0ac8 is an unknown value


Stack: [0x00000000155c0000,0x00000000156c0000],  sp=0x00000000156bf818,  free space=1022k
Native frames: (J=compiled Java code, j=interpreted, Vv=VM code, C=native code)
C  [MSVCR100.dll+0x3c343]
V  [jvm.dll+0x24c34b]
V  [jvm.dll+0x37d539]
V  [jvm.dll+0x37f3ce]
V  [jvm.dll+0x24c6e6]
V  [jvm.dll+0x379d9e]
V  [jvm.dll+0x380f68]
V  [jvm.dll+0x384041]
V  [jvm.dll+0x385dfa]
V  [jvm.dll+0x26d7ea]
C  [MSVCR100.dll+0x21d9f]
C  [MSVCR100.dll+0x21e3b]
C  [kernel32.dll+0x159bd]
C  [ntdll.dll+0x2a2e1]


---------------  P R O C E S S  ---------------

Java Threads: ( => current thread )
  0x000000001e170000 JavaThread "query-prop-emulator-5554" daemon [_thread_blocked, id=2732, stack(0x000000002ce20000,0x000000002cf20000)]
  0x000000001e16d000 JavaThread "Read output from: Gradle build daemon Thread 2" [_thread_in_native, id=3708, stack(0x000000002cf20000,0x000000002d020000)]
  0x000000001e16d800 JavaThread "Run Gradle build daemon" [_thread_blocked, id=3796, stack(0x000000002b670000,0x000000002b770000)]
  0x000000001e16b800 JavaThread "Device Client Monitor" daemon [_thread_in_native, id=3716, stack(0x000000002cb20000,0x000000002cc20000)]
  0x000000001e172000 JavaThread "logcat-emulator-5554" [_thread_blocked, id=3704, stack(0x000000002ca20000,0x000000002cb20000)]
  0x0000000024a8f800 JavaThread "Connection worker" [_thread_blocked, id=4080, stack(0x000000002af70000,0x000000002b070000)]
  0x0000000024a90800 JavaThread "Build output processor" [_thread_blocked, id=4072, stack(0x0000000026d00000,0x0000000026e00000)]
  0x0000000024a8d800 JavaThread "ApplicationImpl pooled thread 27" [_thread_blocked, id=4068, stack(0x0000000029e70000,0x0000000029f70000)]
  0x0000000024a8e000 JavaThread "ApplicationImpl pooled thread 26" daemon [_thread_blocked, id=4064, stack(0x0000000029570000,0x0000000029670000)]
  0x0000000024a91000 JavaThread "ApplicationImpl pooled thread 25" [_thread_blocked, id=4060, stack(0x0000000029470000,0x0000000029570000)]
  0x000000001aa2d000 JavaThread "ApplicationImpl pooled thread 24" [_thread_blocked, id=4052, stack(0x00000000220a0000,0x00000000221a0000)]
  0x000000001aa29800 JavaThread "ApplicationImpl pooled thread 23" daemon [_thread_blocked, id=4048, stack(0x000000001f190000,0x000000001f290000)]
  0x0000000024a8b000 JavaThread "BaseDataReader: error stream of emulator.exe" [_thread_blocked, id=3776, stack(0x000000001d3c0000,0x000000001d4c0000)]
  0x000000001aa2c000 JavaThread "BaseDataReader: output stream of emulator.exe" [_thread_blocked, id=3772, stack(0x000000001cfc0000,0x000000001d0c0000)]
  0x000000001aa2e800 JavaThread "ProcessWaitFor: emulator.exe" [_thread_in_native, id=3768, stack(0x000000001cac0000,0x000000001cbc0000)]
  0x000000001aa2a800 JavaThread "ApplicationImpl pooled thread 22" daemon [_thread_blocked, id=2764, stack(0x00000000223b0000,0x00000000224b0000)]
  0x0000000024a8f000 JavaThread "Device List Monitor" daemon [_thread_in_native, id=3060, stack(0x0000000019510000,0x0000000019610000)]
  0x0000000024a8c800 JavaThread "Monitor" daemon [_thread_in_native, id=1264, stack(0x0000000029970000,0x0000000029a70000)]
  0x0000000024a8c000 JavaThread "ApplicationImpl pooled thread 19" daemon [_thread_blocked, id=1852, stack(0x0000000029670000,0x0000000029770000)]
  0x000000001aa30000 JavaThread "ApplicationImpl pooled thread 4" daemon [_thread_blocked, id=1092, stack(0x000000001f090000,0x000000001f190000)]
  0x000000001aa2d800 JavaThread "TimerQueue" daemon [_thread_blocked, id=2532, stack(0x000000001d2c0000,0x000000001d3c0000)]
  0x000000001aa29000 JavaThread "Netty Builtin Server 2" daemon [_thread_in_native, id=1300, stack(0x0000000019310000,0x0000000019410000)]
  0x000000001871a000 JavaThread "BaseDataReader: error stream of fsnotifier64.exe" [_thread_in_native, id=2516, stack(0x000000001c4b0000,0x000000001c5b0000)]
  0x00000000172eb000 JavaThread "BaseDataReader: output stream of fsnotifier64.exe" [_thread_in_native, id=2328, stack(0x000000001c3b0000,0x000000001c4b0000)]
  0x00000000181ec000 JavaThread "ProcessWaitFor: fsnotifier64.exe" [_thread_in_native, id=1496, stack(0x0000000019f20000,0x000000001a020000)]
  0x0000000017cb9800 JavaThread "Periodic tasks thread" daemon [_thread_blocked, id=2068, stack(0x0000000018ce0000,0x0000000018de0000)]
  0x000000001848f800 JavaThread "AWT-EventQueue-0 3.1#AI-173.4720617 Studio, eap:false, os:Windows 7 6.1, java-version:JetBrains s.r.o 1.8.0_152-release-1024-b02" [_thread_blocked, id=2080, stack(0x000000001b420000,0x000000001b520000)]
  0x000000001852e000 JavaThread "AWT-Shutdown" [_thread_blocked, id=3056, stack(0x000000001a320000,0x000000001a420000)]
  0x0000000017d53800 JavaThread "Netty Builtin Server 1" [_thread_in_native, id=2204, stack(0x0000000019a20000,0x0000000019b20000)]
  0x0000000016c72800 JavaThread "AWT-Windows" daemon [_thread_in_native, id=2748, stack(0x0000000018de0000,0x0000000018ee0000)]
  0x0000000016c70000 JavaThread "Java2D Disposer" daemon [_thread_blocked, id=2800, stack(0x0000000018be0000,0x0000000018ce0000)]
  0x00000000168c8800 JavaThread "Service Thread" daemon [_thread_blocked, id=2620, stack(0x0000000016cc0000,0x0000000016dc0000)]
  0x0000000016088000 JavaThread "C1 CompilerThread1" daemon [_thread_blocked, id=2616, stack(0x00000000167c0000,0x00000000168c0000)]
  0x0000000016081800 JavaThread "C2 CompilerThread0" daemon [_thread_blocked, id=2612, stack(0x00000000166c0000,0x00000000167c0000)]
  0x000000001607e000 JavaThread "Attach Listener" daemon [_thread_blocked, id=2608, stack(0x00000000165c0000,0x00000000166c0000)]
  0x000000001607a800 JavaThread "Signal Dispatcher" daemon [_thread_blocked, id=2604, stack(0x00000000164c0000,0x00000000165c0000)]
  0x0000000016075800 JavaThread "Surrogate Locker Thread (Concurrent GC)" daemon [_thread_blocked, id=2600, stack(0x00000000163c0000,0x00000000164c0000)]
  0x000000001605b000 JavaThread "Finalizer" daemon [_thread_blocked, id=2496, stack(0x00000000162c0000,0x00000000163c0000)]
  0x0000000016014000 JavaThread "Reference Handler" daemon [_thread_blocked, id=2488, stack(0x00000000161c0000,0x00000000162c0000)]
  0x0000000001e60000 JavaThread "main" [_thread_blocked, id=1340, stack(0x0000000000030000,0x0000000000130000)]

Other Threads:
  0x000000001600a000 VMThread [stack: 0x00000000160c0000,0x00000000161c0000] [id=2456]
  0x00000000168d2000 WatcherThread [stack: 0x0000000016dc0000,0x0000000016ec0000] [id=2628]

=>0x0000000001ea0000 (exited) ConcurrentGCThread [stack: 0x00000000155c0000,0x00000000156c0000] [id=2320]

VM state:not at safepoint (normal execution)

VM Mutex/Monitor currently owned by a thread: None

Heap:
 par new generation   total 153344K, used 18870K [0x00000000b0000000, 0x00000000ba660000, 0x00000000ba660000)
  eden space 136320K,   1% used [0x00000000b0000000, 0x00000000b01cd918, 0x00000000b8520000)
  from space 17024K, 100% used [0x00000000b95c0000, 0x00000000ba660000, 0x00000000ba660000)
  to   space 17024K,   0% used [0x00000000b8520000, 0x00000000b8520000, 0x00000000b95c0000)
 concurrent mark-sweep generation total 144432K, used 133579K [0x00000000ba660000, 0x00000000c336c000, 0x0000000100000000)
 Metaspace       used 174023K, capacity 182546K, committed 182752K, reserved 1206272K
  class space    used 25133K, capacity 26759K, committed 26848K, reserved 1048576K

Card table byte_map: [0x0000000011b50000,0x0000000011de0000] byte_map_base: 0x00000000115d0000

Marking Bits: (CMSBitMap*) 0x0000000001e9f568
 Bits: [0x0000000012230000, 0x0000000013396800)

Mod Union Table: (CMSBitMap*) 0x0000000001e9f628
 Bits: [0x0000000001c70000, 0x0000000001cb59a0)

Polling page: 0x0000000000180000

CodeCache: size=245760Kb used=57720Kb max_used=58624Kb free=188039Kb
 bounds [0x0000000002590000, 0x0000000005f30000, 0x0000000011590000]
 total_blobs=18578 nmethods=17561 adapters=926
 compilation: enabled

Compilation events (10 events):
Event: 848.285 Thread 0x0000000016081800 22466       4       javax.swing.tree.AbstractLayoutCache::isFixedRowHeight (13 bytes)
Event: 848.286 Thread 0x0000000016081800 nmethod 22466 0x00000000053bded0 code [0x00000000053be000, 0x00000000053be078]
Event: 848.291 Thread 0x0000000016088000 22474 % !   3       java.lang.ref.Finalizer$FinalizerThread::run @ 33 (55 bytes)
Event: 848.292 Thread 0x0000000016088000 nmethod 22474% 0x0000000002d5b410 code [0x0000000002d5b640, 0x0000000002d5c328]
Event: 848.292 Thread 0x0000000016081800 22472 %     4       java.lang.ref.Reference$ReferenceHandler::run @ 0 (8 bytes)
Event: 848.293 Thread 0x0000000016081800 nmethod 22472% 0x0000000004c96690 code [0x0000000004c967e0, 0x0000000004c96868]
Event: 848.293 Thread 0x0000000016081800 22473       4       java.util.zip.ZipFile$ZipFileInflaterInputStream::finalize (5 bytes)
Event: 848.318 Thread 0x0000000016081800 nmethod 22473 0x000000000474bfd0 code [0x000000000474c1a0, 0x000000000474d6d0]
Event: 848.445 Thread 0x0000000016088000 22475       3       java.util.concurrent.ThreadPoolExecutor::execute (132 bytes)
Event: 848.447 Thread 0x0000000016088000 nmethod 22475 0x0000000002b95c10 code [0x0000000002b95e60, 0x0000000002b96dc8]

GC Heap History (10 events):
Event: 701.689 GC heap before
{Heap before GC invocations=40 (full 12):
 par new generation   total 153344K, used 136470K [0x00000000b0000000, 0x00000000ba660000, 0x00000000ba660000)
  eden space 136320K, 100% used [0x00000000b0000000, 0x00000000b8520000, 0x00000000b8520000)
  from space 17024K,   0% used [0x00000000b8520000, 0x00000000b8545948, 0x00000000b95c0000)
  to   space 17024K,   0% used [0x00000000b95c0000, 0x00000000b95c0000, 0x00000000ba660000)
 concurrent mark-sweep generation total 144432K, used 110683K [0x00000000ba660000, 0x00000000c336c000, 0x0000000100000000)
 Metaspace       used 161079K, capacity 168966K, committed 169056K, reserved 1193984K
  class space    used 22918K, capacity 24401K, committed 24416K, reserved 1048576K
Event: 701.694 GC heap after
Heap after GC invocations=41 (full 12):
 par new generation   total 153344K, used 167K [0x00000000b0000000, 0x00000000ba660000, 0x00000000ba660000)
  eden space 136320K,   0% used [0x00000000b0000000, 0x00000000b0000000, 0x00000000b8520000)
  from space 17024K,   0% used [0x00000000b95c0000, 0x00000000b95e9f40, 0x00000000ba660000)
  to   space 17024K,   0% used [0x00000000b8520000, 0x00000000b8520000, 0x00000000b95c0000)
 concurrent mark-sweep generation total 144432K, used 110683K [0x00000000ba660000, 0x00000000c336c000, 0x0000000100000000)
 Metaspace       used 161079K, capacity 168966K, committed 169056K, reserved 1193984K
  class space    used 22918K, capacity 24401K, committed 24416K, reserved 1048576K
}
Event: 759.842 GC heap before
{Heap before GC invocations=41 (full 12):
 par new generation   total 153344K, used 136454K [0x00000000b0000000, 0x00000000ba660000, 0x00000000ba660000)
  eden space 136320K,  99% used [0x00000000b0000000, 0x00000000b8517900, 0x00000000b8520000)
  from space 17024K,   0% used [0x00000000b95c0000, 0x00000000b95e9f40, 0x00000000ba660000)
  to   space 17024K,   0% used [0x00000000b8520000, 0x00000000b8520000, 0x00000000b95c0000)
 concurrent mark-sweep generation total 144432K, used 110683K [0x00000000ba660000, 0x00000000c336c000, 0x0000000100000000)
 Metaspace       used 161520K, capacity 169488K, committed 169696K, reserved 1193984K
  class space    used 22964K, capacity 24478K, committed 24544K, reserved 1048576K
Event: 759.847 GC heap after
Heap after GC invocations=42 (full 12):
 par new generation   total 153344K, used 752K [0x00000000b0000000, 0x00000000ba660000, 0x00000000ba660000)
  eden space 136320K,   0% used [0x00000000b0000000, 0x00000000b0000000, 0x00000000b8520000)
  from space 17024K,   4% used [0x00000000b8520000, 0x00000000b85dc2f0, 0x00000000b95c0000)
  to   space 17024K,   0% used [0x00000000b95c0000, 0x00000000b95c0000, 0x00000000ba660000)
 concurrent mark-sweep generation total 144432K, used 110683K [0x00000000ba660000, 0x00000000c336c000, 0x0000000100000000)
 Metaspace       used 161520K, capacity 169488K, committed 169696K, reserved 1193984K
  class space    used 22964K, capacity 24478K, committed 24544K, reserved 1048576K
}
Event: 810.390 GC heap before
{Heap before GC invocations=42 (full 12):
 par new generation   total 153344K, used 137072K [0x00000000b0000000, 0x00000000ba660000, 0x00000000ba660000)
  eden space 136320K, 100% used [0x00000000b0000000, 0x00000000b8520000, 0x00000000b8520000)
  from space 17024K,   4% used [0x00000000b8520000, 0x00000000b85dc2f0, 0x00000000b95c0000)
  to   space 17024K,   0% used [0x00000000b95c0000, 0x00000000b95c0000, 0x00000000ba660000)
 concurrent mark-sweep generation total 144432K, used 110683K [0x00000000ba660000, 0x00000000c336c000, 0x0000000100000000)
 Metaspace       used 163618K, capacity 171822K, committed 172000K, reserved 1196032K
  class space    used 23207K, capacity 24725K, committed 24800K, reserved 1048576K
Event: 810.405 GC heap after
Heap after GC invocations=43 (full 12):
 par new generation   total 153344K, used 7151K [0x00000000b0000000, 0x00000000ba660000, 0x00000000ba660000)
  eden space 136320K,   0% used [0x00000000b0000000, 0x00000000b0000000, 0x00000000b8520000)
  from space 17024K,  42% used [0x00000000b95c0000, 0x00000000b9cbbf60, 0x00000000ba660000)
  to   space 17024K,   0% used [0x00000000b8520000, 0x00000000b8520000, 0x00000000b95c0000)
 concurrent mark-sweep generation total 144432K, used 110683K [0x00000000ba660000, 0x00000000c336c000, 0x0000000100000000)
 Metaspace       used 163618K, capacity 171822K, committed 172000K, reserved 1196032K
  class space    used 23207K, capacity 24725K, committed 24800K, reserved 1048576K
}
Event: 833.388 GC heap before
{Heap before GC invocations=43 (full 12):
 par new generation   total 153344K, used 143471K [0x00000000b0000000, 0x00000000ba660000, 0x00000000ba660000)
  eden space 136320K, 100% used [0x00000000b0000000, 0x00000000b8520000, 0x00000000b8520000)
  from space 17024K,  42% used [0x00000000b95c0000, 0x00000000b9cbbf60, 0x00000000ba660000)
  to   space 17024K,   0% used [0x00000000b8520000, 0x00000000b8520000, 0x00000000b95c0000)
 concurrent mark-sweep generation total 144432K, used 110683K [0x00000000ba660000, 0x00000000c336c000, 0x0000000100000000)
 Metaspace       used 169729K, capacity 178060K, committed 178272K, reserved 1202176K
  class space    used 24280K, capacity 25844K, committed 25952K, reserved 1048576K
Event: 833.416 GC heap after
Heap after GC invocations=44 (full 12):
 par new generation   total 153344K, used 17024K [0x00000000b0000000, 0x00000000ba660000, 0x00000000ba660000)
  eden space 136320K,   0% used [0x00000000b0000000, 0x00000000b0000000, 0x00000000b8520000)
  from space 17024K, 100% used [0x00000000b8520000, 0x00000000b95c0000, 0x00000000b95c0000)
  to   space 17024K,   0% used [0x00000000b95c0000, 0x00000000b95c0000, 0x00000000ba660000)
 concurrent mark-sweep generation total 144432K, used 116886K [0x00000000ba660000, 0x00000000c336c000, 0x0000000100000000)
 Metaspace       used 169729K, capacity 178060K, committed 178272K, reserved 1202176K
  class space    used 24280K, capacity 25844K, committed 25952K, reserved 1048576K
}
Event: 848.192 GC heap before
{Heap before GC invocations=44 (full 12):
 par new generation   total 153344K, used 153344K [0x00000000b0000000, 0x00000000ba660000, 0x00000000ba660000)
  eden space 136320K, 100% used [0x00000000b0000000, 0x00000000b8520000, 0x00000000b8520000)
  from space 17024K, 100% used [0x00000000b8520000, 0x00000000b95c0000, 0x00000000b95c0000)
  to   space 17024K,   0% used [0x00000000b95c0000, 0x00000000b95c0000, 0x00000000ba660000)
 concurrent mark-sweep generation total 144432K, used 116886K [0x00000000ba660000, 0x00000000c336c000, 0x0000000100000000)
 Metaspace       used 174016K, capacity 182546K, committed 182752K, reserved 1206272K
  class space    used 25133K, capacity 26759K, committed 26848K, reserved 1048576K
Event: 848.243 GC heap after
Heap after GC invocations=45 (full 12):
 par new generation   total 153344K, used 17024K [0x00000000b0000000, 0x00000000ba660000, 0x00000000ba660000)
  eden space 136320K,   0% used [0x00000000b0000000, 0x00000000b0000000, 0x00000000b8520000)
  from space 17024K, 100% used [0x00000000b95c0000, 0x00000000ba660000, 0x00000000ba660000)
  to   space 17024K,   0% used [0x00000000b8520000, 0x00000000b8520000, 0x00000000b95c0000)
 concurrent mark-sweep generation total 144432K, used 133579K [0x00000000ba660000, 0x00000000c336c000, 0x0000000100000000)
 Metaspace       used 174016K, capacity 182546K, committed 182752K, reserved 1206272K
  class space    used 25133K, capacity 26759K, committed 26848K, reserved 1048576K
}

Deoptimization events (10 events):
Event: 845.526 Thread 0x0000000024a8f000 Uncommon trap: reason=unstable_if action=reinterpret pc=0x0000000004c692f8 method=java.util.concurrent.ThreadPoolExecutor.execute(Ljava/lang/Runnable;)V @ 28
Event: 845.528 Thread 0x0000000024a8f000 Uncommon trap: reason=class_check action=maybe_recompile pc=0x0000000003e87a60 method=sun.nio.ch.IOUtil.writeFromNativeBuffer(Ljava/io/FileDescriptor;Ljava/nio/ByteBuffer;JLsun/nio/ch/NativeDispatcher;)I @ 114
Event: 845.529 Thread 0x0000000024a8f000 Uncommon trap: reason=class_check action=maybe_recompile pc=0x0000000003e87a60 method=sun.nio.ch.IOUtil.writeFromNativeBuffer(Ljava/io/FileDescriptor;Ljava/nio/ByteBuffer;JLsun/nio/ch/NativeDispatcher;)I @ 114
Event: 845.620 Thread 0x000000001e172000 Uncommon trap: reason=unstable_if action=reinterpret pc=0x0000000004c781c8 method=java.util.concurrent.ThreadPoolExecutor.getTask()Ljava/lang/Runnable; @ 62
Event: 845.673 Thread 0x0000000024a8f000 Uncommon trap: reason=unstable_if action=reinterpret pc=0x0000000003e86100 method=java.nio.DirectByteBuffer.put([BII)Ljava/nio/ByteBuffer; @ 8
Event: 846.034 Thread 0x0000000024a8f800 Uncommon trap: reason=bimorphic action=maybe_recompile pc=0x0000000002f7d524 method=java.io.DataOutputStream.write([BII)V @ 7
Event: 846.034 Thread 0x0000000024a8f800 Uncommon trap: reason=bimorphic action=maybe_recompile pc=0x0000000002f7d524 method=java.io.DataOutputStream.write([BII)V @ 7
Event: 846.241 Thread 0x000000001848f800 Uncommon trap: reason=range_check action=make_not_entrant pc=0x0000000005e8d778 method=javax.swing.tree.TreePath.<init>([Ljava/lang/Object;I)V @ 9
Event: 846.286 Thread 0x000000001848f800 Uncommon trap: reason=class_check action=maybe_recompile pc=0x0000000005ab783c method=com.intellij.util.ui.update.MergingUpdateQueue.put(Lcom/intellij/util/ui/update/Update;)V @ 49
Event: 846.737 Thread 0x000000001e16d000 Uncommon trap: reason=null_check action=make_not_entrant pc=0x000000000458b108 method=java.util.Locale.equals(Ljava/lang/Object;)Z @ 8

Classes redefined (0 events):
No events

Internal exceptions (10 events):
Event: 801.699 Thread 0x000000001848f800 Exception <a 'sun/nio/fs/WindowsException'> (0x00000000b6d24be0) thrown at [D:\src\AOSP-openjdk-cygwin\jdk8u\hotspot\src\share\vm\prims\jni.cpp, line 709]
Event: 801.700 Thread 0x000000001848f800 Exception <a 'sun/nio/fs/WindowsException'> (0x00000000b6d263e8) thrown at [D:\src\AOSP-openjdk-cygwin\jdk8u\hotspot\src\share\vm\prims\jni.cpp, line 709]
Event: 801.700 Thread 0x000000001848f800 Exception <a 'sun/nio/fs/WindowsException'> (0x00000000b6d26f98) thrown at [D:\src\AOSP-openjdk-cygwin\jdk8u\hotspot\src\share\vm\prims\jni.cpp, line 709]
Event: 801.700 Thread 0x000000001848f800 Exception <a 'sun/nio/fs/WindowsException'> (0x00000000b6d289c0) thrown at [D:\src\AOSP-openjdk-cygwin\jdk8u\hotspot\src\share\vm\prims\jni.cpp, line 709]
Event: 801.700 Thread 0x000000001848f800 Exception <a 'sun/nio/fs/WindowsException'> (0x00000000b6d29570) thrown at [D:\src\AOSP-openjdk-cygwin\jdk8u\hotspot\src\share\vm\prims\jni.cpp, line 709]
Event: 806.270 Thread 0x0000000024a8e000 Implicit null exception at 0x0000000004ce090f to 0x0000000004ce1239
Event: 810.600 Thread 0x0000000024a8f800 Implicit null exception at 0x00000000028fd653 to 0x00000000028fd979
Event: 838.673 Thread 0x000000001848f800 Exception <a 'sun/nio/fs/WindowsException'> (0x00000000b3977460) thrown at [D:\src\AOSP-openjdk-cygwin\jdk8u\hotspot\src\share\vm\prims\jni.cpp, line 709]
Event: 845.161 Thread 0x0000000024a8f800 Exception <a 'java/lang/NoClassDefFoundError': org/slf4j/impl/StaticMarkerBinder> (0x00000000b740e228) thrown at [D:\src\AOSP-openjdk-cygwin\jdk8u\hotspot\src\share\vm\classfile\systemDictionary.cpp, line 199]
Event: 846.737 Thread 0x000000001e16d000 Implicit null exception at 0x000000000458b01a to 0x000000000458b0f9

Events (10 events):
Event: 847.997 Thread 0x0000000016088000 flushing nmethod 0x0000000005a923d0
Event: 847.997 Thread 0x0000000016088000 flushing nmethod 0x0000000005a9ba10
Event: 847.997 Thread 0x0000000016088000 flushing nmethod 0x0000000005aa2050
Event: 847.998 Thread 0x0000000016088000 flushing nmethod 0x0000000005c53bd0
Event: 848.191 Executing VM operation: GenCollectForAllocation
Event: 848.243 Executing VM operation: GenCollectForAllocation done
Event: 848.244 Executing VM operation: CMS_Initial_Mark
Event: 848.258 Executing VM operation: CMS_Initial_Mark done
Event: 848.318 Thread 0x000000001e170000 Thread added: 0x000000001e170000
Event: 848.385 Executing VM operation: RevokeBias


Dynamic libraries:
0x0000000140000000 - 0x00000001400e6000 	C:\Program Files\Android\Android Studio\bin\studio64.exe
0x0000000077c20000 - 0x0000000077dca000 	C:\Windows\SYSTEM32\ntdll.dll
0x0000000077a00000 - 0x0000000077b1f000 	C:\Windows\system32\kernel32.dll
0x000007fefda20000 - 0x000007fefda8a000 	C:\Windows\system32\KERNELBASE.dll
0x0000000077b20000 - 0x0000000077c1a000 	C:\Windows\system32\USER32.dll
0x000007fefe990000 - 0x000007fefe9f7000 	C:\Windows\system32\GDI32.dll
0x000007fefea60000 - 0x000007fefea6e000 	C:\Windows\system32\LPK.dll
0x000007fefdd90000 - 0x000007fefde5a000 	C:\Windows\system32\USP10.dll
0x000007fefde60000 - 0x000007fefdeff000 	C:\Windows\system32\msvcrt.dll
0x000007fefe570000 - 0x000007fefe64b000 	C:\Windows\system32\ADVAPI32.dll
0x000007fefdd70000 - 0x000007fefdd8f000 	C:\Windows\SYSTEM32\sechost.dll
0x000007fefe090000 - 0x000007fefe1bd000 	C:\Windows\system32\RPCRT4.dll
0x000007fefee50000 - 0x000007feffbd9000 	C:\Windows\system32\SHELL32.dll
0x000007feffbe0000 - 0x000007feffc51000 	C:\Windows\system32\SHLWAPI.dll
0x000007fefe940000 - 0x000007fefe96e000 	C:\Windows\system32\IMM32.DLL
0x000007fefecf0000 - 0x000007fefedf9000 	C:\Windows\system32\MSCTF.dll
0x0000000074580000 - 0x0000000074dbf000 	C:\Program Files\Android\Android Studio\jre\jre\bin\server\jvm.dll
0x000007fef92e0000 - 0x000007fef92e9000 	C:\Windows\system32\WSOCK32.dll
0x000007fefee00000 - 0x000007fefee4d000 	C:\Windows\system32\WS2_32.dll
0x000007fefdd60000 - 0x000007fefdd68000 	C:\Windows\system32\NSI.dll
0x000007fef82d0000 - 0x000007fef830b000 	C:\Windows\system32\WINMM.dll
0x000007fefca90000 - 0x000007fefca9c000 	C:\Windows\system32\VERSION.dll
0x0000000077de0000 - 0x0000000077de7000 	C:\Windows\system32\PSAPI.DLL
0x00000000744a0000 - 0x0000000074572000 	C:\Windows\system32\MSVCR100.dll
0x000007fefaf60000 - 0x000007fefaf6f000 	C:\Program Files\Android\Android Studio\jre\jre\bin\verify.dll
0x000007fef07d0000 - 0x000007fef07f9000 	C:\Program Files\Android\Android Studio\jre\jre\bin\java.dll
0x000007feefaf0000 - 0x000007feefb06000 	C:\Program Files\Android\Android Studio\jre\jre\bin\zip.dll
0x000007fefe650000 - 0x000007fefe853000 	C:\Windows\system32\ole32.dll
0x000007fefd9a0000 - 0x000007fefd9af000 	C:\Windows\system32\profapi.dll
0x000007fefd1a0000 - 0x000007fefd1b8000 	C:\Windows\system32\CRYPTSP.dll
0x000007fefcea0000 - 0x000007fefcee7000 	C:\Windows\system32\rsaenh.dll
0x000007fefd9c0000 - 0x000007fefd9de000 	C:\Windows\system32\USERENV.dll
0x000007fefd800000 - 0x000007fefd80f000 	C:\Windows\system32\CRYPTBASE.dll
0x000007feef0a0000 - 0x000007feef0ba000 	C:\Program Files\Android\Android Studio\jre\jre\bin\net.dll
0x000007fefd140000 - 0x000007fefd195000 	C:\Windows\system32\mswsock.dll
0x000007fefd130000 - 0x000007fefd137000 	C:\Windows\System32\wship6.dll
0x000007fefb700000 - 0x000007fefb727000 	C:\Windows\system32\IPHLPAPI.DLL
0x000007fefb6e0000 - 0x000007fefb6eb000 	C:\Windows\system32\WINNSI.DLL
0x000007fefb4f0000 - 0x000007fefb501000 	C:\Windows\system32\dhcpcsvc6.DLL
0x000007fefb490000 - 0x000007fefb4a8000 	C:\Windows\system32\dhcpcsvc.DLL
0x000007feef080000 - 0x000007feef091000 	C:\Program Files\Android\Android Studio\jre\jre\bin\nio.dll
0x000007feed8f0000 - 0x000007feeda86000 	C:\Program Files\Android\Android Studio\jre\jre\bin\awt.dll
0x000007fefe860000 - 0x000007fefe938000 	C:\Windows\system32\OLEAUT32.dll
0x000007feed520000 - 0x000007feed8e4000 	C:\Windows\system32\d2d1.dll
0x000007feed440000 - 0x000007feed4e0000 	C:\Windows\WinSxS\amd64_microsoft.windows.common-controls_6595b64144ccf1df_5.82.7601.18837_none_a4d981ff711297b6\COMCTL32.dll
0x000007fefbf50000 - 0x000007fefbfa6000 	C:\Windows\system32\uxtheme.dll
0x000007fefb570000 - 0x000007fefb588000 	C:\Windows\system32\dwmapi.dll
0x000007feed390000 - 0x000007feed435000 	C:\Program Files\Android\Android Studio\jre\jre\bin\freetype.dll
0x000007feed2e0000 - 0x000007feed384000 	C:\Program Files\Android\Android Studio\jre\jre\bin\fontmanager.dll
0x000007fefcb60000 - 0x000007fefcb67000 	C:\Windows\System32\wshtcpip.dll
0x000007feed2d0000 - 0x000007feed2dd000 	C:\Program Files\Android\Android Studio\jre\jre\bin\management.dll
0x000007feed280000 - 0x000007feed2c2000 	C:\Users\WIN\.AndroidStudio3.1\system\tmp\jna2145225212922795046.dll
0x000007feed270000 - 0x000007feed273000 	C:\Windows\system32\api-ms-win-core-synch-l1-2-0.DLL
0x000007feed250000 - 0x000007feed26b000 	C:\Program Files\Android\Android Studio\bin\IdeaWin64.dll
0x000007feed130000 - 0x000007feed24d000 	C:\Windows\system32\opengl32.dll
0x000007feed100000 - 0x000007feed12d000 	C:\Windows\system32\GLU32.dll
0x000007feed000000 - 0x000007feed0f1000 	C:\Windows\system32\DDRAW.dll
0x000007feecff0000 - 0x000007feecff8000 	C:\Windows\system32\DCIMAN32.dll
0x000007fefea70000 - 0x000007fefec47000 	C:\Windows\system32\SETUPAPI.dll
0x000007fefdd00000 - 0x000007fefdd36000 	C:\Windows\system32\CFGMGR32.dll
0x000007fefd9e0000 - 0x000007fefd9fa000 	C:\Windows\system32\DEVOBJ.dll
0x000007feecfb0000 - 0x000007feecfea000 	C:\Program Files\Android\Android Studio\jre\jre\bin\splashscreen.dll
0x000007feecfa0000 - 0x000007feecfa7000 	C:\Program Files\Android\Android Studio\jre\jre\bin\jawt.dll
0x000007fefd7a0000 - 0x000007fefd7f7000 	C:\Windows\system32\apphelp.dll
0x000007feecf70000 - 0x000007feecf94000 	C:\Program Files\Android\Android Studio\jre\jre\bin\sunec.dll
0x000007feeca50000 - 0x000007feeca5b000 	C:\Program Files\Android\Android Studio\jre\jre\bin\sunmscapi.dll
0x000007fefdb80000 - 0x000007fefdced000 	C:\Windows\system32\CRYPT32.dll
0x000007fefd9b0000 - 0x000007fefd9bf000 	C:\Windows\system32\MSASN1.dll
0x000007fefbfb0000 - 0x000007fefbfc5000 	C:\Windows\system32\NLAapi.dll
0x000007fef96e0000 - 0x000007fef96f5000 	C:\Windows\system32\napinsp.dll
0x000007fef9650000 - 0x000007fef9669000 	C:\Windows\system32\pnrpnsp.dll
0x000007fefcfc0000 - 0x000007fefd01b000 	C:\Windows\system32\DNSAPI.dll
0x000007fef94d0000 - 0x000007fef94db000 	C:\Windows\System32\winrnr.dll
0x000007fefb5e0000 - 0x000007fefb633000 	C:\Windows\System32\fwpuclnt.dll
0x000007fefab80000 - 0x000007fefab88000 	C:\Windows\system32\rasadhlp.dll
0x000007fefec50000 - 0x000007fefece9000 	C:\Windows\system32\CLBCatQ.DLL
0x000007fefc170000 - 0x000007fefc364000 	C:\Windows\WinSxS\amd64_microsoft.windows.common-controls_6595b64144ccf1df_6.0.7601.18837_none_fa3b1e3d17594757\comctl32.dll
0x000007fefb120000 - 0x000007fefb281000 	C:\Windows\system32\WindowsCodecs.dll
0x000007fef9de0000 - 0x000007fef9e15000 	C:\Windows\system32\EhStorShell.dll
0x000007fefc040000 - 0x000007fefc16c000 	C:\Windows\system32\PROPSYS.dll
0x000007fef9a60000 - 0x000007fef9ade000 	C:\Windows\System32\cscui.dll
0x000007fef9970000 - 0x000007fef997c000 	C:\Windows\System32\CSCDLL.dll
0x000007fef96d0000 - 0x000007fef96df000 	C:\Windows\system32\CSCAPI.dll
0x000007fef95d0000 - 0x000007fef9650000 	C:\Windows\system32\ntshrui.dll
0x000007fefd3b0000 - 0x000007fefd3d3000 	C:\Windows\system32\srvcli.dll
0x000007fefb970000 - 0x000007fefb97b000 	C:\Windows\system32\slc.dll
0x000007fefd8f0000 - 0x000007fefd904000 	C:\Windows\system32\RpcRtRemote.dll
0x000007fefa460000 - 0x000007fefa62a000 	C:\Windows\system32\explorerframe.dll
0x000007fefb790000 - 0x000007fefb7d3000 	C:\Windows\system32\DUser.dll
0x000007fefb870000 - 0x000007fefb962000 	C:\Windows\system32\DUI70.dll
0x000007fef8e70000 - 0x000007fef8f5e000 	C:\Windows\system32\actxprxy.dll
0x000007feea2c0000 - 0x000007feea2de000 	C:\Users\WIN\.gradle\native\25\windows-amd64\native-platform.dll
0x000007feec820000 - 0x000007feec945000 	C:\Windows\system32\dbghelp.dll

VM Arguments:
jvm_args: -Xms256m -Xmx1280m -XX:ReservedCodeCacheSize=240m -XX:+UseConcMarkSweepGC -XX:SoftRefLRUPolicyMSPerMB=50 -Dsun.io.useCanonCaches=false -Djava.net.preferIPv4Stack=true -Djna.nosys=true -Djna.boot.library.path= -da -Djb.vmOptionsFile=C:\Program Files\Android\Android Studio\bin\studio64.exe.vmoptions -Xbootclasspath/a:C:\Program Files\Android\Android Studio\lib\boot.jar -Didea.platform.prefix=AndroidStudio -Didea.jre.check=true -Dide.native.launcher=true -Didea.paths.selector=AndroidStudio3.1 -XX:ErrorFile=C:\Users\WIN\java_error_in_studio_%p.log -XX:HeapDumpPath=C:\Users\WIN\java_error_in_studio.hprof 
java_command: <unknown>
java_class_path (initial): C:\Program Files\Android\Android Studio\lib\bootstrap.jar;C:\Program Files\Android\Android Studio\lib\extensions.jar;C:\Program Files\Android\Android Studio\lib\util.jar;C:\Program Files\Android\Android Studio\lib\jdom.jar;C:\Program Files\Android\Android Studio\lib\log4j.jar;C:\Program Files\Android\Android Studio\lib\trove4j.jar;C:\Program Files\Android\Android Studio\lib\jna.jar;C:\Program Files\Android\Android Studio\jre\lib\tools.jar
Launcher Type: generic

Environment Variables:
PATH=C:\Windows\system32;C:\Windows;C:\Windows\System32\Wbem;C:\Windows\System32\WindowsPowerShell\v1.0\;C:\Windows\system32\config\systemprofile\.dnx\bin;C:\Program Files\Microsoft DNX\Dnvm\;C:\Program Files\Microsoft SQL Server\120\Tools\Binn\;C:\Program Files\Microsoft SQL Server\130\Tools\Binn\;C:\Program Files (x86)\Microsoft SQL Server\Client SDK\ODBC\110\Tools\Binn\;C:\Program Files (x86)\Microsoft SQL Server\120\Tools\Binn\ManagementStudio\;C:\Program Files (x86)\Microsoft SQL Server\120\Tools\Binn\;C:\Program Files (x86)\Microsoft SQL Server\120\DTS\Binn\;C:\Program Files (x86)\Microsoft SQL Server\100\Tools\Binn\;C:\Program Files\Microsoft SQL Server\100\Tools\Binn\;C:\Program Files\Microsoft SQL Server\100\DTS\Binn\
USERNAME=WIN
OS=Windows_NT
PROCESSOR_IDENTIFIER=Intel64 Family 6 Model 42 Stepping 7, GenuineIntel



---------------  S Y S T E M  ---------------

OS: Windows 7 , 64 bit Build 7601 (6.1.7601.23418)

CPU:total 2 (initial active 2) (2 cores per cpu, 1 threads per core) family 6 model 42 stepping 7, cmov, cx8, fxsr, mmx, sse, sse2, sse3, ssse3, sse4.1, sse4.2, popcnt, clmul, tsc, tscinvbit

Memory: 4k page, physical 6182700k(3101340k free), swap 12363540k(7410212k free)

vm_info: OpenJDK 64-Bit Server VM (25.152-b02) for windows-amd64 JRE (1.8.0_152-release-1024-b02), built by "builder" with MS VC++ 10.0 (VS2010)

time: Tue May 15 15:30:43 2018
elapsed time: 848 seconds (0d 0h 14m 8s)

